"blank"		"=========================="
"blank"		"#Valve_Movement_Title"
"blank"		"=========================="
"+forward"	"#Valve_Move_Forward"
"+back"		"#Valve_Move_Back"
"+moveleft"	"#Valve_Move_Left"
"+moveright"	"#Valve_Move_Right"
"+speed"       	"#Valve_Walk"
"+jump"		"#Valve_Jump"
"+duck"		"#Valve_Duck"
"+pounce"	"#HDN_Pounce"
"blank"		"=========================="
"blank"		"#HDN_Combat_Title"
"blank"		"=========================="
"+attack"	"#HDN_Primary_Fire"
"+attack2"	"#HDN_Secondary_Fire"
"+reload"	"#HDN_Reload_Weapon"
"invprev"	"#Valve_Previous_Weapon"
"invnext"	"#Valve_Next_Weapon"
"lastinv"	"#Valve_Last_Weapon_Used"
"blank"		"=========================="
"blank"		"#Valve_Communication_Title"
"blank"		"=========================="
"+voicerecord"	"#Valve_Use_Voice_Communication"
"say"		"#Valve_Chat_Message"
"say_team"	"#Valve_Team_Message"
"+radiomenu"	"#HDN_Radio_Menu"
"blank"		"=========================="
"blank"		"#Valve_Miscellaneous_Title"
"blank"		"=========================="
"+showscores"	"#Valve_Display_Scores"
"impulse 100"	"#HDN_Flashlight"
"+aura"			"#HDN_Aura"
"+use"		"#Valve_Use_Items"
"slot1"			"#HDN_Menu_Item_1"
"slot2"			"#HDN_Menu_Item_2"
"slot3" 		"#HDN_Menu_Item_3"
"slot4"			"#HDN_Menu_Item_4"
"slot5"			"#HDN_Menu_Item_5"
"classmenu"	"#HDN_Class_Menu"
"impulse 201"	"#Valve_Spray_Logo"
"jpeg"		"#Valve_Take_Screen_Shot"
"quit"		"#Valve_Quit_Game"
"blank"		"=========================="
"blank"		"#Valve_Miscellaneous_Keyboard_Keys_Title"
"blank"		"=========================="
"+left"		"#Valve_Turn_Left"
"+right"	"#Valve_Turn_Right"
"+moveup"	"#Valve_Swim_Up"
"+movedown"	"#Valve_Swim_Down"
"+lookup"	"#Valve_Look_Up"
"+lookdown"	"#Valve_Look_Down"
"centerview"	"#HDN_Reset_View"
"+strafe"	"#Valve_Strafe_Modifier"
"+mlook"	"#HDN_Mouse_Look"
"+klook"	"#HDN_Keyboard_Look"

